Build started 2012-06-08 21:53:45.
     1>Project "C:\Users\tdrol\documents\visual studio 2010\Projects\parking\detector\detector.vcxproj" on node 2 (build target(s)).
     1>InitializeBuildStatus:
         Creating "Debug Lib\detector.unsuccessfulbuild" because "AlwaysCreate" was specified.
       ClCompile:
         All outputs are up-to-date.
         C:\Program Files (x86)\Microsoft Visual Studio 10.0\VC\bin\CL.exe /c /IC:\Users\tdroL\lib\opencv\build\include\opencv /I"C:\Program Files\boost\boost_1_49_0" /IC:\Users\tdroL\lib\opencv\build\include /ZI /nologo /W3 /WX- /Od /Oy- /D _RUN_TESTS /D WIN32 /D _DEBUG /D _CONSOLE /D _UNICODE /D UNICODE /Gm /EHsc /RTC1 /MDd /GS /fp:precise /Zc:wchar_t /Zc:forScope /Yu"StdAfx.h" /Fp"Debug Lib\detector.pch" /FAs /Fa"Debug Lib\\" /Fo"Debug Lib\\" /Fd"Debug Lib\vc100.pdb" /Gd /TP /analyze- /errorReport:prompt main.cpp
         main.cpp
       Lib:
         C:\Program Files (x86)\Microsoft Visual Studio 10.0\VC\bin\Lib.exe /OUT:"C:\Users\tdrol\documents\visual studio 2010\Projects\parking\Debug Lib\detector.lib" /NOLOGO "Debug Lib\CameraDriver.obj"
         "Debug Lib\CameraFile.obj"
         "Debug Lib\Detector.obj"
         "Debug Lib\main.obj"
         "Debug Lib\stdafx.obj"
         "Debug Lib\TestCameraDriver.obj"
         "Debug Lib\TestCameraFile.obj"
         "Debug Lib\TestClass.obj"
         "Debug Lib\TestDetector.obj"
         detector.vcxproj -> C:\Users\tdrol\documents\visual studio 2010\Projects\parking\Debug Lib\detector.lib
       FinalizeBuildStatus:
         Deleting file "Debug Lib\detector.unsuccessfulbuild".
         Touching "Debug Lib\detector.lastbuildstate".
     1>Done Building Project "C:\Users\tdrol\documents\visual studio 2010\Projects\parking\detector\detector.vcxproj" (build target(s)).

Build succeeded.

Time Elapsed 00:00:03.13
